<?xml version="1.0" encoding="UTF-8"?>
<!-- Generated by org.testng.reporters.JUnitReportReporter -->
<testsuite skipped="1" hostname="KrishiAbhi" name="com.qa.linkedin.testcases.SearchDDTTest" tests="1" failures="0" timestamp="30 May 2019 21:43:09 GMT" time="0.000" errors="0">
  <testcase name="searchTest" time="0.000" classname="com.qa.linkedin.testcases.SearchDDTTest">
    <skipped/>
  </testcase> <!-- searchTest -->
</testsuite> <!-- com.qa.linkedin.testcases.SearchDDTTest -->
